[2020-03-22 22:54:11] local.ERROR: Please make sure the PHP Redis extension is installed and enabled. {"exception":"[object] (LogicException(code: 0): Please make sure the PHP Redis extension is installed and enabled. at C:\\laragon\\www\\lara\\KeepLearning\\vendor\\laravel\\framework\\src\\Illuminate\\Redis\\Connectors\\PhpRedisConnector.php:76)
[stacktrace]
#0 C:\\laragon\\www\\lara\\KeepLearning\\vendor\\laravel\\framework\\src\\Illuminate\\Support\\helpers.php(422): Illuminate\\Redis\\Connectors\\PhpRedisConnector->Illuminate\\Redis\\Connectors\\{closure}(Object(Illuminate\\Support\\Facades\\Redis))
#1 C:\\laragon\\www\\lara\\KeepLearning\\vendor\\laravel\\framework\\src\\Illuminate\\Redis\\Connectors\\PhpRedisConnector.php(100): tap(Object(Illuminate\\Support\\Facades\\Redis), Object(Closure))
#2 C:\\laragon\\www\\lara\\KeepLearning\\vendor\\laravel\\framework\\src\\Illuminate\\Redis\\Connectors\\PhpRedisConnector.php(27): Illuminate\\Redis\\Connectors\\PhpRedisConnector->createClient(Array)
#3 C:\\laragon\\www\\lara\\KeepLearning\\vendor\\laravel\\framework\\src\\Illuminate\\Redis\\Connectors\\PhpRedisConnector.php(31): Illuminate\\Redis\\Connectors\\PhpRedisConnector->Illuminate\\Redis\\Connectors\\{closure}()
#4 C:\\laragon\\www\\lara\\KeepLearning\\vendor\\laravel\\framework\\src\\Illuminate\\Redis\\RedisManager.php(111): Illuminate\\Redis\\Connectors\\PhpRedisConnector->connect(Array, Array)
#5 C:\\laragon\\www\\lara\\KeepLearning\\vendor\\laravel\\framework\\src\\Illuminate\\Redis\\RedisManager.php(90): Illuminate\\Redis\\RedisManager->resolve('default')
#6 C:\\laragon\\www\\lara\\KeepLearning\\vendor\\laravel\\framework\\src\\Illuminate\\Cache\\RedisStore.php(242): Illuminate\\Redis\\RedisManager->connection('default')
#7 C:\\laragon\\www\\lara\\KeepLearning\\vendor\\laravel\\framework\\src\\Illuminate\\Cache\\RedisStore.php(54): Illuminate\\Cache\\RedisStore->connection()
#8 C:\\laragon\\www\\lara\\KeepLearning\\vendor\\laravel\\framework\\src\\Illuminate\\Cache\\Repository.php(97): Illuminate\\Cache\\RedisStore->get('cJdMRTCXWvHdleM...')
#9 C:\\laragon\\www\\lara\\KeepLearning\\vendor\\laravel\\framework\\src\\Illuminate\\Session\\CacheBasedSessionHandler.php(58): Illuminate\\Cache\\Repository->get('cJdMRTCXWvHdleM...', '')
#10 C:\\laragon\\www\\lara\\KeepLearning\\vendor\\laravel\\framework\\src\\Illuminate\\Session\\Store.php(97): Illuminate\\Session\\CacheBasedSessionHandler->read('cJdMRTCXWvHdleM...')
#11 C:\\laragon\\www\\lara\\KeepLearning\\vendor\\laravel\\framework\\src\\Illuminate\\Session\\Store.php(87): Illuminate\\Session\\Store->readFromHandler()
#12 C:\\laragon\\www\\lara\\KeepLearning\\vendor\\laravel\\framework\\src\\Illuminate\\Session\\Store.php(71): Illuminate\\Session\\Store->loadSession()
#13 C:\\laragon\\www\\lara\\KeepLearning\\vendor\\laravel\\framework\\src\\Illuminate\\Session\\Middleware\\StartSession.php(81): Illuminate\\Session\\Store->start()
#14 C:\\laragon\\www\\lara\\KeepLearning\\vendor\\laravel\\framework\\src\\Illuminate\\Support\\helpers.php(422): Illuminate\\Session\\Middleware\\StartSession->Illuminate\\Session\\Middleware\\{closure}(Object(Illuminate\\Session\\Store))
#15 C:\\laragon\\www\\lara\\KeepLearning\\vendor\\laravel\\framework\\src\\Illuminate\\Session\\Middleware\\StartSession.php(82): tap(Object(Illuminate\\Session\\Store), Object(Closure))
#16 C:\\laragon\\www\\lara\\KeepLearning\\vendor\\laravel\\framework\\src\\Illuminate\\Session\\Middleware\\StartSession.php(51): Illuminate\\Session\\Middleware\\StartSession->startSession(Object(Illuminate\\Http\\Request))
#17 C:\\laragon\\www\\lara\\KeepLearning\\vendor\\laravel\\framework\\src\\Illuminate\\Pipeline\\Pipeline.php(171): Illuminate\\Session\\Middleware\\StartSession->handle(Object(Illuminate\\Http\\Request), Object(Closure))
#18 C:\\laragon\\www\\lara\\KeepLearning\\vendor\\laravel\\framework\\src\\Illuminate\\Cookie\\Middleware\\AddQueuedCookiesToResponse.php(37): Illuminate\\Pipeline\\Pipeline->Illuminate\\Pipeline\\{closure}(Object(Illuminate\\Http\\Request))
#19 C:\\laragon\\www\\lara\\KeepLearning\\vendor\\laravel\\framework\\src\\Illuminate\\Pipeline\\Pipeline.php(171): Illuminate\\Cookie\\Middleware\\AddQueuedCookiesToResponse->handle(Object(Illuminate\\Http\\Request), Object(Closure))
#20 C:\\laragon\\www\\lara\\KeepLearning\\vendor\\laravel\\framework\\src\\Illuminate\\Cookie\\Middleware\\EncryptCookies.php(66): Illuminate\\Pipeline\\Pipeline->Illuminate\\Pipeline\\{closure}(Object(Illuminate\\Http\\Request))
#21 C:\\laragon\\www\\lara\\KeepLearning\\vendor\\laravel\\framework\\src\\Illuminate\\Pipeline\\Pipeline.php(171): Illuminate\\Cookie\\Middleware\\EncryptCookies->handle(Object(Illuminate\\Http\\Request), Object(Closure))
#22 C:\\laragon\\www\\lara\\KeepLearning\\vendor\\laravel\\framework\\src\\Illuminate\\Pipeline\\Pipeline.php(105): Illuminate\\Pipeline\\Pipeline->Illuminate\\Pipeline\\{closure}(Object(Illuminate\\Http\\Request))
#23 C:\\laragon\\www\\lara\\KeepLearning\\vendor\\laravel\\framework\\src\\Illuminate\\Routing\\Router.php(683): Illuminate\\Pipeline\\Pipeline->then(Object(Closure))
#24 C:\\laragon\\www\\lara\\KeepLearning\\vendor\\laravel\\framework\\src\\Illuminate\\Routing\\Router.php(658): Illuminate\\Routing\\Router->runRouteWithinStack(Object(Illuminate\\Routing\\Route), Object(Illuminate\\Http\\Request))
#25 C:\\laragon\\www\\lara\\KeepLearning\\vendor\\laravel\\framework\\src\\Illuminate\\Routing\\Router.php(624): Illuminate\\Routing\\Router->runRoute(Object(Illuminate\\Http\\Request), Object(Illuminate\\Routing\\Route))
#26 C:\\laragon\\www\\lara\\KeepLearning\\vendor\\laravel\\framework\\src\\Illuminate\\Routing\\Router.php(613): Illuminate\\Routing\\Router->dispatchToRoute(Object(Illuminate\\Http\\Request))
#27 C:\\laragon\\www\\lara\\KeepLearning\\vendor\\laravel\\framework\\src\\Illuminate\\Foundation\\Http\\Kernel.php(170): Illuminate\\Routing\\Router->dispatch(Object(Illuminate\\Http\\Request))
#28 C:\\laragon\\www\\lara\\KeepLearning\\vendor\\laravel\\framework\\src\\Illuminate\\Pipeline\\Pipeline.php(130): Illuminate\\Foundation\\Http\\Kernel->Illuminate\\Foundation\\Http\\{closure}(Object(Illuminate\\Http\\Request))
#29 C:\\laragon\\www\\lara\\KeepLearning\\vendor\\barryvdh\\laravel-debugbar\\src\\Middleware\\InjectDebugbar.php(58): Illuminate\\Pipeline\\Pipeline->Illuminate\\Pipeline\\{closure}(Object(Illuminate\\Http\\Request))
#30 C:\\laragon\\www\\lara\\KeepLearning\\vendor\\laravel\\framework\\src\\Illuminate\\Pipeline\\Pipeline.php(171): Barryvdh\\Debugbar\\Middleware\\InjectDebugbar->handle(Object(Illuminate\\Http\\Request), Object(Closure))
#31 C:\\laragon\\www\\lara\\KeepLearning\\vendor\\laravel\\framework\\src\\Illuminate\\Foundation\\Http\\Middleware\\CheckForMaintenanceMode.php(63): Illuminate\\Pipeline\\Pipeline->Illuminate\\Pipeline\\{closure}(Object(Illuminate\\Http\\Request))
#32 C:\\laragon\\www\\lara\\KeepLearning\\vendor\\laravel\\framework\\src\\Illuminate\\Pipeline\\Pipeline.php(171): Illuminate\\Foundation\\Http\\Middleware\\CheckForMaintenanceMode->handle(Object(Illuminate\\Http\\Request), Object(Closure))
#33 C:\\laragon\\www\\lara\\KeepLearning\\vendor\\laravel\\framework\\src\\Illuminate\\Pipeline\\Pipeline.php(105): Illuminate\\Pipeline\\Pipeline->Illuminate\\Pipeline\\{closure}(Object(Illuminate\\Http\\Request))
#34 C:\\laragon\\www\\lara\\KeepLearning\\vendor\\laravel\\framework\\src\\Illuminate\\Foundation\\Http\\Kernel.php(145): Illuminate\\Pipeline\\Pipeline->then(Object(Closure))
#35 C:\\laragon\\www\\lara\\KeepLearning\\vendor\\laravel\\framework\\src\\Illuminate\\Foundation\\Http\\Kernel.php(110): Illuminate\\Foundation\\Http\\Kernel->sendRequestThroughRouter(Object(Illuminate\\Http\\Request))
#36 C:\\Users\\jgm\\.vscode\\extensions\\tiansin.vscode-laravel-assist-0.1.7\\assets\\cache\\LaXQXBQs(55): Illuminate\\Foundation\\Http\\Kernel->handle(Object(Illuminate\\Http\\Request))
#37 {main}
"} 
[2020-03-22 23:16:40] local.ERROR: Please make sure the PHP Redis extension is installed and enabled. {"exception":"[object] (LogicException(code: 0): Please make sure the PHP Redis extension is installed and enabled. at C:\\laragon\\www\\lara\\KeepLearning\\vendor\\laravel\\framework\\src\\Illuminate\\Redis\\Connectors\\PhpRedisConnector.php:76)
[stacktrace]
#0 C:\\laragon\\www\\lara\\KeepLearning\\vendor\\laravel\\framework\\src\\Illuminate\\Support\\helpers.php(422): Illuminate\\Redis\\Connectors\\PhpRedisConnector->Illuminate\\Redis\\Connectors\\{closure}(Object(Illuminate\\Support\\Facades\\Redis))
#1 C:\\laragon\\www\\lara\\KeepLearning\\vendor\\laravel\\framework\\src\\Illuminate\\Redis\\Connectors\\PhpRedisConnector.php(100): tap(Object(Illuminate\\Support\\Facades\\Redis), Object(Closure))
#2 C:\\laragon\\www\\lara\\KeepLearning\\vendor\\laravel\\framework\\src\\Illuminate\\Redis\\Connectors\\PhpRedisConnector.php(27): Illuminate\\Redis\\Connectors\\PhpRedisConnector->createClient(Array)
#3 C:\\laragon\\www\\lara\\KeepLearning\\vendor\\laravel\\framework\\src\\Illuminate\\Redis\\Connectors\\PhpRedisConnector.php(31): Illuminate\\Redis\\Connectors\\PhpRedisConnector->Illuminate\\Redis\\Connectors\\{closure}()
#4 C:\\laragon\\www\\lara\\KeepLearning\\vendor\\laravel\\framework\\src\\Illuminate\\Redis\\RedisManager.php(111): Illuminate\\Redis\\Connectors\\PhpRedisConnector->connect(Array, Array)
#5 C:\\laragon\\www\\lara\\KeepLearning\\vendor\\laravel\\framework\\src\\Illuminate\\Redis\\RedisManager.php(90): Illuminate\\Redis\\RedisManager->resolve('default')
#6 C:\\laragon\\www\\lara\\KeepLearning\\vendor\\laravel\\framework\\src\\Illuminate\\Cache\\RedisStore.php(242): Illuminate\\Redis\\RedisManager->connection('default')
#7 C:\\laragon\\www\\lara\\KeepLearning\\vendor\\laravel\\framework\\src\\Illuminate\\Cache\\RedisStore.php(54): Illuminate\\Cache\\RedisStore->connection()
#8 C:\\laragon\\www\\lara\\KeepLearning\\vendor\\laravel\\framework\\src\\Illuminate\\Cache\\Repository.php(97): Illuminate\\Cache\\RedisStore->get('yHzZ4AlkkDLXZhE...')
#9 C:\\laragon\\www\\lara\\KeepLearning\\vendor\\laravel\\framework\\src\\Illuminate\\Session\\CacheBasedSessionHandler.php(58): Illuminate\\Cache\\Repository->get('yHzZ4AlkkDLXZhE...', '')
#10 C:\\laragon\\www\\lara\\KeepLearning\\vendor\\laravel\\framework\\src\\Illuminate\\Session\\Store.php(97): Illuminate\\Session\\CacheBasedSessionHandler->read('yHzZ4AlkkDLXZhE...')
#11 C:\\laragon\\www\\lara\\KeepLearning\\vendor\\laravel\\framework\\src\\Illuminate\\Session\\Store.php(87): Illuminate\\Session\\Store->readFromHandler()
#12 C:\\laragon\\www\\lara\\KeepLearning\\vendor\\laravel\\framework\\src\\Illuminate\\Session\\Store.php(71): Illuminate\\Session\\Store->loadSession()
#13 C:\\laragon\\www\\lara\\KeepLearning\\vendor\\laravel\\framework\\src\\Illuminate\\Session\\Middleware\\StartSession.php(81): Illuminate\\Session\\Store->start()
#14 C:\\laragon\\www\\lara\\KeepLearning\\vendor\\laravel\\framework\\src\\Illuminate\\Support\\helpers.php(422): Illuminate\\Session\\Middleware\\StartSession->Illuminate\\Session\\Middleware\\{closure}(Object(Illuminate\\Session\\Store))
#15 C:\\laragon\\www\\lara\\KeepLearning\\vendor\\laravel\\framework\\src\\Illuminate\\Session\\Middleware\\StartSession.php(82): tap(Object(Illuminate\\Session\\Store), Object(Closure))
#16 C:\\laragon\\www\\lara\\KeepLearning\\vendor\\laravel\\framework\\src\\Illuminate\\Session\\Middleware\\StartSession.php(51): Illuminate\\Session\\Middleware\\StartSession->startSession(Object(Illuminate\\Http\\Request))
#17 C:\\laragon\\www\\lara\\KeepLearning\\vendor\\laravel\\framework\\src\\Illuminate\\Pipeline\\Pipeline.php(171): Illuminate\\Session\\Middleware\\StartSession->handle(Object(Illuminate\\Http\\Request), Object(Closure))
#18 C:\\laragon\\www\\lara\\KeepLearning\\vendor\\laravel\\framework\\src\\Illuminate\\Cookie\\Middleware\\AddQueuedCookiesToResponse.php(37): Illuminate\\Pipeline\\Pipeline->Illuminate\\Pipeline\\{closure}(Object(Illuminate\\Http\\Request))
#19 C:\\laragon\\www\\lara\\KeepLearning\\vendor\\laravel\\framework\\src\\Illuminate\\Pipeline\\Pipeline.php(171): Illuminate\\Cookie\\Middleware\\AddQueuedCookiesToResponse->handle(Object(Illuminate\\Http\\Request), Object(Closure))
#20 C:\\laragon\\www\\lara\\KeepLearning\\vendor\\laravel\\framework\\src\\Illuminate\\Cookie\\Middleware\\EncryptCookies.php(66): Illuminate\\Pipeline\\Pipeline->Illuminate\\Pipeline\\{closure}(Object(Illuminate\\Http\\Request))
#21 C:\\laragon\\www\\lara\\KeepLearning\\vendor\\laravel\\framework\\src\\Illuminate\\Pipeline\\Pipeline.php(171): Illuminate\\Cookie\\Middleware\\EncryptCookies->handle(Object(Illuminate\\Http\\Request), Object(Closure))
#22 C:\\laragon\\www\\lara\\KeepLearning\\vendor\\laravel\\framework\\src\\Illuminate\\Pipeline\\Pipeline.php(105): Illuminate\\Pipeline\\Pipeline->Illuminate\\Pipeline\\{closure}(Object(Illuminate\\Http\\Request))
#23 C:\\laragon\\www\\lara\\KeepLearning\\vendor\\laravel\\framework\\src\\Illuminate\\Routing\\Router.php(683): Illuminate\\Pipeline\\Pipeline->then(Object(Closure))
#24 C:\\laragon\\www\\lara\\KeepLearning\\vendor\\laravel\\framework\\src\\Illuminate\\Routing\\Router.php(658): Illuminate\\Routing\\Router->runRouteWithinStack(Object(Illuminate\\Routing\\Route), Object(Illuminate\\Http\\Request))
#25 C:\\laragon\\www\\lara\\KeepLearning\\vendor\\laravel\\framework\\src\\Illuminate\\Routing\\Router.php(624): Illuminate\\Routing\\Router->runRoute(Object(Illuminate\\Http\\Request), Object(Illuminate\\Routing\\Route))
#26 C:\\laragon\\www\\lara\\KeepLearning\\vendor\\laravel\\framework\\src\\Illuminate\\Routing\\Router.php(613): Illuminate\\Routing\\Router->dispatchToRoute(Object(Illuminate\\Http\\Request))
#27 C:\\laragon\\www\\lara\\KeepLearning\\vendor\\laravel\\framework\\src\\Illuminate\\Foundation\\Http\\Kernel.php(170): Illuminate\\Routing\\Router->dispatch(Object(Illuminate\\Http\\Request))
#28 C:\\laragon\\www\\lara\\KeepLearning\\vendor\\laravel\\framework\\src\\Illuminate\\Pipeline\\Pipeline.php(130): Illuminate\\Foundation\\Http\\Kernel->Illuminate\\Foundation\\Http\\{closure}(Object(Illuminate\\Http\\Request))
#29 C:\\laragon\\www\\lara\\KeepLearning\\vendor\\barryvdh\\laravel-debugbar\\src\\Middleware\\InjectDebugbar.php(58): Illuminate\\Pipeline\\Pipeline->Illuminate\\Pipeline\\{closure}(Object(Illuminate\\Http\\Request))
#30 C:\\laragon\\www\\lara\\KeepLearning\\vendor\\laravel\\framework\\src\\Illuminate\\Pipeline\\Pipeline.php(171): Barryvdh\\Debugbar\\Middleware\\InjectDebugbar->handle(Object(Illuminate\\Http\\Request), Object(Closure))
#31 C:\\laragon\\www\\lara\\KeepLearning\\vendor\\laravel\\framework\\src\\Illuminate\\Foundation\\Http\\Middleware\\CheckForMaintenanceMode.php(63): Illuminate\\Pipeline\\Pipeline->Illuminate\\Pipeline\\{closure}(Object(Illuminate\\Http\\Request))
#32 C:\\laragon\\www\\lara\\KeepLearning\\vendor\\laravel\\framework\\src\\Illuminate\\Pipeline\\Pipeline.php(171): Illuminate\\Foundation\\Http\\Middleware\\CheckForMaintenanceMode->handle(Object(Illuminate\\Http\\Request), Object(Closure))
#33 C:\\laragon\\www\\lara\\KeepLearning\\vendor\\laravel\\framework\\src\\Illuminate\\Pipeline\\Pipeline.php(105): Illuminate\\Pipeline\\Pipeline->Illuminate\\Pipeline\\{closure}(Object(Illuminate\\Http\\Request))
#34 C:\\laragon\\www\\lara\\KeepLearning\\vendor\\laravel\\framework\\src\\Illuminate\\Foundation\\Http\\Kernel.php(145): Illuminate\\Pipeline\\Pipeline->then(Object(Closure))
#35 C:\\laragon\\www\\lara\\KeepLearning\\vendor\\laravel\\framework\\src\\Illuminate\\Foundation\\Http\\Kernel.php(110): Illuminate\\Foundation\\Http\\Kernel->sendRequestThroughRouter(Object(Illuminate\\Http\\Request))
#36 C:\\Users\\jgm\\.vscode\\extensions\\tiansin.vscode-laravel-assist-0.1.7\\assets\\cache\\LaXQXBQs(55): Illuminate\\Foundation\\Http\\Kernel->handle(Object(Illuminate\\Http\\Request))
#37 {main}
"} 
[2020-03-22 23:17:20] local.ERROR: Please make sure the PHP Redis extension is installed and enabled. {"exception":"[object] (LogicException(code: 0): Please make sure the PHP Redis extension is installed and enabled. at C:\\laragon\\www\\lara\\KeepLearning\\vendor\\laravel\\framework\\src\\Illuminate\\Redis\\Connectors\\PhpRedisConnector.php:76)
[stacktrace]
#0 C:\\laragon\\www\\lara\\KeepLearning\\vendor\\laravel\\framework\\src\\Illuminate\\Support\\helpers.php(422): Illuminate\\Redis\\Connectors\\PhpRedisConnector->Illuminate\\Redis\\Connectors\\{closure}(Object(Illuminate\\Support\\Facades\\Redis))
#1 C:\\laragon\\www\\lara\\KeepLearning\\vendor\\laravel\\framework\\src\\Illuminate\\Redis\\Connectors\\PhpRedisConnector.php(100): tap(Object(Illuminate\\Support\\Facades\\Redis), Object(Closure))
#2 C:\\laragon\\www\\lara\\KeepLearning\\vendor\\laravel\\framework\\src\\Illuminate\\Redis\\Connectors\\PhpRedisConnector.php(27): Illuminate\\Redis\\Connectors\\PhpRedisConnector->createClient(Array)
#3 C:\\laragon\\www\\lara\\KeepLearning\\vendor\\laravel\\framework\\src\\Illuminate\\Redis\\Connectors\\PhpRedisConnector.php(31): Illuminate\\Redis\\Connectors\\PhpRedisConnector->Illuminate\\Redis\\Connectors\\{closure}()
#4 C:\\laragon\\www\\lara\\KeepLearning\\vendor\\laravel\\framework\\src\\Illuminate\\Redis\\RedisManager.php(111): Illuminate\\Redis\\Connectors\\PhpRedisConnector->connect(Array, Array)
#5 C:\\laragon\\www\\lara\\KeepLearning\\vendor\\laravel\\framework\\src\\Illuminate\\Redis\\RedisManager.php(90): Illuminate\\Redis\\RedisManager->resolve('default')
#6 C:\\laragon\\www\\lara\\KeepLearning\\vendor\\laravel\\framework\\src\\Illuminate\\Cache\\RedisStore.php(242): Illuminate\\Redis\\RedisManager->connection('default')
#7 C:\\laragon\\www\\lara\\KeepLearning\\vendor\\laravel\\framework\\src\\Illuminate\\Cache\\RedisStore.php(54): Illuminate\\Cache\\RedisStore->connection()
#8 C:\\laragon\\www\\lara\\KeepLearning\\vendor\\laravel\\framework\\src\\Illuminate\\Cache\\Repository.php(97): Illuminate\\Cache\\RedisStore->get('AJe5iXfIbnQYwyb...')
#9 C:\\laragon\\www\\lara\\KeepLearning\\vendor\\laravel\\framework\\src\\Illuminate\\Session\\CacheBasedSessionHandler.php(58): Illuminate\\Cache\\Repository->get('AJe5iXfIbnQYwyb...', '')
#10 C:\\laragon\\www\\lara\\KeepLearning\\vendor\\laravel\\framework\\src\\Illuminate\\Session\\Store.php(97): Illuminate\\Session\\CacheBasedSessionHandler->read('AJe5iXfIbnQYwyb...')
#11 C:\\laragon\\www\\lara\\KeepLearning\\vendor\\laravel\\framework\\src\\Illuminate\\Session\\Store.php(87): Illuminate\\Session\\Store->readFromHandler()
#12 C:\\laragon\\www\\lara\\KeepLearning\\vendor\\laravel\\framework\\src\\Illuminate\\Session\\Store.php(71): Illuminate\\Session\\Store->loadSession()
#13 C:\\laragon\\www\\lara\\KeepLearning\\vendor\\laravel\\framework\\src\\Illuminate\\Session\\Middleware\\StartSession.php(81): Illuminate\\Session\\Store->start()
#14 C:\\laragon\\www\\lara\\KeepLearning\\vendor\\laravel\\framework\\src\\Illuminate\\Support\\helpers.php(422): Illuminate\\Session\\Middleware\\StartSession->Illuminate\\Session\\Middleware\\{closure}(Object(Illuminate\\Session\\Store))
#15 C:\\laragon\\www\\lara\\KeepLearning\\vendor\\laravel\\framework\\src\\Illuminate\\Session\\Middleware\\StartSession.php(82): tap(Object(Illuminate\\Session\\Store), Object(Closure))
#16 C:\\laragon\\www\\lara\\KeepLearning\\vendor\\laravel\\framework\\src\\Illuminate\\Session\\Middleware\\StartSession.php(51): Illuminate\\Session\\Middleware\\StartSession->startSession(Object(Illuminate\\Http\\Request))
#17 C:\\laragon\\www\\lara\\KeepLearning\\vendor\\laravel\\framework\\src\\Illuminate\\Pipeline\\Pipeline.php(171): Illuminate\\Session\\Middleware\\StartSession->handle(Object(Illuminate\\Http\\Request), Object(Closure))
#18 C:\\laragon\\www\\lara\\KeepLearning\\vendor\\laravel\\framework\\src\\Illuminate\\Cookie\\Middleware\\AddQueuedCookiesToResponse.php(37): Illuminate\\Pipeline\\Pipeline->Illuminate\\Pipeline\\{closure}(Object(Illuminate\\Http\\Request))
#19 C:\\laragon\\www\\lara\\KeepLearning\\vendor\\laravel\\framework\\src\\Illuminate\\Pipeline\\Pipeline.php(171): Illuminate\\Cookie\\Middleware\\AddQueuedCookiesToResponse->handle(Object(Illuminate\\Http\\Request), Object(Closure))
#20 C:\\laragon\\www\\lara\\KeepLearning\\vendor\\laravel\\framework\\src\\Illuminate\\Cookie\\Middleware\\EncryptCookies.php(66): Illuminate\\Pipeline\\Pipeline->Illuminate\\Pipeline\\{closure}(Object(Illuminate\\Http\\Request))
#21 C:\\laragon\\www\\lara\\KeepLearning\\vendor\\laravel\\framework\\src\\Illuminate\\Pipeline\\Pipeline.php(171): Illuminate\\Cookie\\Middleware\\EncryptCookies->handle(Object(Illuminate\\Http\\Request), Object(Closure))
#22 C:\\laragon\\www\\lara\\KeepLearning\\vendor\\laravel\\framework\\src\\Illuminate\\Pipeline\\Pipeline.php(105): Illuminate\\Pipeline\\Pipeline->Illuminate\\Pipeline\\{closure}(Object(Illuminate\\Http\\Request))
#23 C:\\laragon\\www\\lara\\KeepLearning\\vendor\\laravel\\framework\\src\\Illuminate\\Routing\\Router.php(683): Illuminate\\Pipeline\\Pipeline->then(Object(Closure))
#24 C:\\laragon\\www\\lara\\KeepLearning\\vendor\\laravel\\framework\\src\\Illuminate\\Routing\\Router.php(658): Illuminate\\Routing\\Router->runRouteWithinStack(Object(Illuminate\\Routing\\Route), Object(Illuminate\\Http\\Request))
#25 C:\\laragon\\www\\lara\\KeepLearning\\vendor\\laravel\\framework\\src\\Illuminate\\Routing\\Router.php(624): Illuminate\\Routing\\Router->runRoute(Object(Illuminate\\Http\\Request), Object(Illuminate\\Routing\\Route))
#26 C:\\laragon\\www\\lara\\KeepLearning\\vendor\\laravel\\framework\\src\\Illuminate\\Routing\\Router.php(613): Illuminate\\Routing\\Router->dispatchToRoute(Object(Illuminate\\Http\\Request))
#27 C:\\laragon\\www\\lara\\KeepLearning\\vendor\\laravel\\framework\\src\\Illuminate\\Foundation\\Http\\Kernel.php(170): Illuminate\\Routing\\Router->dispatch(Object(Illuminate\\Http\\Request))
#28 C:\\laragon\\www\\lara\\KeepLearning\\vendor\\laravel\\framework\\src\\Illuminate\\Pipeline\\Pipeline.php(130): Illuminate\\Foundation\\Http\\Kernel->Illuminate\\Foundation\\Http\\{closure}(Object(Illuminate\\Http\\Request))
#29 C:\\laragon\\www\\lara\\KeepLearning\\vendor\\barryvdh\\laravel-debugbar\\src\\Middleware\\InjectDebugbar.php(58): Illuminate\\Pipeline\\Pipeline->Illuminate\\Pipeline\\{closure}(Object(Illuminate\\Http\\Request))
#30 C:\\laragon\\www\\lara\\KeepLearning\\vendor\\laravel\\framework\\src\\Illuminate\\Pipeline\\Pipeline.php(171): Barryvdh\\Debugbar\\Middleware\\InjectDebugbar->handle(Object(Illuminate\\Http\\Request), Object(Closure))
#31 C:\\laragon\\www\\lara\\KeepLearning\\vendor\\laravel\\framework\\src\\Illuminate\\Foundation\\Http\\Middleware\\CheckForMaintenanceMode.php(63): Illuminate\\Pipeline\\Pipeline->Illuminate\\Pipeline\\{closure}(Object(Illuminate\\Http\\Request))
#32 C:\\laragon\\www\\lara\\KeepLearning\\vendor\\laravel\\framework\\src\\Illuminate\\Pipeline\\Pipeline.php(171): Illuminate\\Foundation\\Http\\Middleware\\CheckForMaintenanceMode->handle(Object(Illuminate\\Http\\Request), Object(Closure))
#33 C:\\laragon\\www\\lara\\KeepLearning\\vendor\\laravel\\framework\\src\\Illuminate\\Pipeline\\Pipeline.php(105): Illuminate\\Pipeline\\Pipeline->Illuminate\\Pipeline\\{closure}(Object(Illuminate\\Http\\Request))
#34 C:\\laragon\\www\\lara\\KeepLearning\\vendor\\laravel\\framework\\src\\Illuminate\\Foundation\\Http\\Kernel.php(145): Illuminate\\Pipeline\\Pipeline->then(Object(Closure))
#35 C:\\laragon\\www\\lara\\KeepLearning\\vendor\\laravel\\framework\\src\\Illuminate\\Foundation\\Http\\Kernel.php(110): Illuminate\\Foundation\\Http\\Kernel->sendRequestThroughRouter(Object(Illuminate\\Http\\Request))
#36 C:\\Users\\jgm\\.vscode\\extensions\\tiansin.vscode-laravel-assist-0.1.7\\assets\\cache\\LaXQXBQs(55): Illuminate\\Foundation\\Http\\Kernel->handle(Object(Illuminate\\Http\\Request))
#37 {main}
"} 
[2020-03-22 23:18:41] local.ERROR: Please make sure the PHP Redis extension is installed and enabled. {"exception":"[object] (LogicException(code: 0): Please make sure the PHP Redis extension is installed and enabled. at C:\\laragon\\www\\lara\\KeepLearning\\vendor\\laravel\\framework\\src\\Illuminate\\Redis\\Connectors\\PhpRedisConnector.php:76)
[stacktrace]
#0 C:\\laragon\\www\\lara\\KeepLearning\\vendor\\laravel\\framework\\src\\Illuminate\\Support\\helpers.php(422): Illuminate\\Redis\\Connectors\\PhpRedisConnector->Illuminate\\Redis\\Connectors\\{closure}(Object(Illuminate\\Support\\Facades\\Redis))
#1 C:\\laragon\\www\\lara\\KeepLearning\\vendor\\laravel\\framework\\src\\Illuminate\\Redis\\Connectors\\PhpRedisConnector.php(100): tap(Object(Illuminate\\Support\\Facades\\Redis), Object(Closure))
#2 C:\\laragon\\www\\lara\\KeepLearning\\vendor\\laravel\\framework\\src\\Illuminate\\Redis\\Connectors\\PhpRedisConnector.php(27): Illuminate\\Redis\\Connectors\\PhpRedisConnector->createClient(Array)
#3 C:\\laragon\\www\\lara\\KeepLearning\\vendor\\laravel\\framework\\src\\Illuminate\\Redis\\Connectors\\PhpRedisConnector.php(31): Illuminate\\Redis\\Connectors\\PhpRedisConnector->Illuminate\\Redis\\Connectors\\{closure}()
#4 C:\\laragon\\www\\lara\\KeepLearning\\vendor\\laravel\\framework\\src\\Illuminate\\Redis\\RedisManager.php(111): Illuminate\\Redis\\Connectors\\PhpRedisConnector->connect(Array, Array)
#5 C:\\laragon\\www\\lara\\KeepLearning\\vendor\\laravel\\framework\\src\\Illuminate\\Redis\\RedisManager.php(90): Illuminate\\Redis\\RedisManager->resolve('default')
#6 C:\\laragon\\www\\lara\\KeepLearning\\vendor\\laravel\\framework\\src\\Illuminate\\Cache\\RedisStore.php(242): Illuminate\\Redis\\RedisManager->connection('default')
#7 C:\\laragon\\www\\lara\\KeepLearning\\vendor\\laravel\\framework\\src\\Illuminate\\Cache\\RedisStore.php(54): Illuminate\\Cache\\RedisStore->connection()
#8 C:\\laragon\\www\\lara\\KeepLearning\\vendor\\laravel\\framework\\src\\Illuminate\\Cache\\Repository.php(97): Illuminate\\Cache\\RedisStore->get('qGr0Qv11dLeR2fs...')
#9 C:\\laragon\\www\\lara\\KeepLearning\\vendor\\laravel\\framework\\src\\Illuminate\\Session\\CacheBasedSessionHandler.php(58): Illuminate\\Cache\\Repository->get('qGr0Qv11dLeR2fs...', '')
#10 C:\\laragon\\www\\lara\\KeepLearning\\vendor\\laravel\\framework\\src\\Illuminate\\Session\\Store.php(97): Illuminate\\Session\\CacheBasedSessionHandler->read('qGr0Qv11dLeR2fs...')
#11 C:\\laragon\\www\\lara\\KeepLearning\\vendor\\laravel\\framework\\src\\Illuminate\\Session\\Store.php(87): Illuminate\\Session\\Store->readFromHandler()
#12 C:\\laragon\\www\\lara\\KeepLearning\\vendor\\laravel\\framework\\src\\Illuminate\\Session\\Store.php(71): Illuminate\\Session\\Store->loadSession()
#13 C:\\laragon\\www\\lara\\KeepLearning\\vendor\\laravel\\framework\\src\\Illuminate\\Session\\Middleware\\StartSession.php(81): Illuminate\\Session\\Store->start()
#14 C:\\laragon\\www\\lara\\KeepLearning\\vendor\\laravel\\framework\\src\\Illuminate\\Support\\helpers.php(422): Illuminate\\Session\\Middleware\\StartSession->Illuminate\\Session\\Middleware\\{closure}(Object(Illuminate\\Session\\Store))
#15 C:\\laragon\\www\\lara\\KeepLearning\\vendor\\laravel\\framework\\src\\Illuminate\\Session\\Middleware\\StartSession.php(82): tap(Object(Illuminate\\Session\\Store), Object(Closure))
#16 C:\\laragon\\www\\lara\\KeepLearning\\vendor\\laravel\\framework\\src\\Illuminate\\Session\\Middleware\\StartSession.php(51): Illuminate\\Session\\Middleware\\StartSession->startSession(Object(Illuminate\\Http\\Request))
#17 C:\\laragon\\www\\lara\\KeepLearning\\vendor\\laravel\\framework\\src\\Illuminate\\Pipeline\\Pipeline.php(171): Illuminate\\Session\\Middleware\\StartSession->handle(Object(Illuminate\\Http\\Request), Object(Closure))
#18 C:\\laragon\\www\\lara\\KeepLearning\\vendor\\laravel\\framework\\src\\Illuminate\\Cookie\\Middleware\\AddQueuedCookiesToResponse.php(37): Illuminate\\Pipeline\\Pipeline->Illuminate\\Pipeline\\{closure}(Object(Illuminate\\Http\\Request))
#19 C:\\laragon\\www\\lara\\KeepLearning\\vendor\\laravel\\framework\\src\\Illuminate\\Pipeline\\Pipeline.php(171): Illuminate\\Cookie\\Middleware\\AddQueuedCookiesToResponse->handle(Object(Illuminate\\Http\\Request), Object(Closure))
#20 C:\\laragon\\www\\lara\\KeepLearning\\vendor\\laravel\\framework\\src\\Illuminate\\Cookie\\Middleware\\EncryptCookies.php(66): Illuminate\\Pipeline\\Pipeline->Illuminate\\Pipeline\\{closure}(Object(Illuminate\\Http\\Request))
#21 C:\\laragon\\www\\lara\\KeepLearning\\vendor\\laravel\\framework\\src\\Illuminate\\Pipeline\\Pipeline.php(171): Illuminate\\Cookie\\Middleware\\EncryptCookies->handle(Object(Illuminate\\Http\\Request), Object(Closure))
#22 C:\\laragon\\www\\lara\\KeepLearning\\vendor\\laravel\\framework\\src\\Illuminate\\Pipeline\\Pipeline.php(105): Illuminate\\Pipeline\\Pipeline->Illuminate\\Pipeline\\{closure}(Object(Illuminate\\Http\\Request))
#23 C:\\laragon\\www\\lara\\KeepLearning\\vendor\\laravel\\framework\\src\\Illuminate\\Routing\\Router.php(683): Illuminate\\Pipeline\\Pipeline->then(Object(Closure))
#24 C:\\laragon\\www\\lara\\KeepLearning\\vendor\\laravel\\framework\\src\\Illuminate\\Routing\\Router.php(658): Illuminate\\Routing\\Router->runRouteWithinStack(Object(Illuminate\\Routing\\Route), Object(Illuminate\\Http\\Request))
#25 C:\\laragon\\www\\lara\\KeepLearning\\vendor\\laravel\\framework\\src\\Illuminate\\Routing\\Router.php(624): Illuminate\\Routing\\Router->runRoute(Object(Illuminate\\Http\\Request), Object(Illuminate\\Routing\\Route))
#26 C:\\laragon\\www\\lara\\KeepLearning\\vendor\\laravel\\framework\\src\\Illuminate\\Routing\\Router.php(613): Illuminate\\Routing\\Router->dispatchToRoute(Object(Illuminate\\Http\\Request))
#27 C:\\laragon\\www\\lara\\KeepLearning\\vendor\\laravel\\framework\\src\\Illuminate\\Foundation\\Http\\Kernel.php(170): Illuminate\\Routing\\Router->dispatch(Object(Illuminate\\Http\\Request))
#28 C:\\laragon\\www\\lara\\KeepLearning\\vendor\\laravel\\framework\\src\\Illuminate\\Pipeline\\Pipeline.php(130): Illuminate\\Foundation\\Http\\Kernel->Illuminate\\Foundation\\Http\\{closure}(Object(Illuminate\\Http\\Request))
#29 C:\\laragon\\www\\lara\\KeepLearning\\vendor\\barryvdh\\laravel-debugbar\\src\\Middleware\\InjectDebugbar.php(58): Illuminate\\Pipeline\\Pipeline->Illuminate\\Pipeline\\{closure}(Object(Illuminate\\Http\\Request))
#30 C:\\laragon\\www\\lara\\KeepLearning\\vendor\\laravel\\framework\\src\\Illuminate\\Pipeline\\Pipeline.php(171): Barryvdh\\Debugbar\\Middleware\\InjectDebugbar->handle(Object(Illuminate\\Http\\Request), Object(Closure))
#31 C:\\laragon\\www\\lara\\KeepLearning\\vendor\\laravel\\framework\\src\\Illuminate\\Foundation\\Http\\Middleware\\CheckForMaintenanceMode.php(63): Illuminate\\Pipeline\\Pipeline->Illuminate\\Pipeline\\{closure}(Object(Illuminate\\Http\\Request))
#32 C:\\laragon\\www\\lara\\KeepLearning\\vendor\\laravel\\framework\\src\\Illuminate\\Pipeline\\Pipeline.php(171): Illuminate\\Foundation\\Http\\Middleware\\CheckForMaintenanceMode->handle(Object(Illuminate\\Http\\Request), Object(Closure))
#33 C:\\laragon\\www\\lara\\KeepLearning\\vendor\\laravel\\framework\\src\\Illuminate\\Pipeline\\Pipeline.php(105): Illuminate\\Pipeline\\Pipeline->Illuminate\\Pipeline\\{closure}(Object(Illuminate\\Http\\Request))
#34 C:\\laragon\\www\\lara\\KeepLearning\\vendor\\laravel\\framework\\src\\Illuminate\\Foundation\\Http\\Kernel.php(145): Illuminate\\Pipeline\\Pipeline->then(Object(Closure))
#35 C:\\laragon\\www\\lara\\KeepLearning\\vendor\\laravel\\framework\\src\\Illuminate\\Foundation\\Http\\Kernel.php(110): Illuminate\\Foundation\\Http\\Kernel->sendRequestThroughRouter(Object(Illuminate\\Http\\Request))
#36 C:\\Users\\jgm\\.vscode\\extensions\\tiansin.vscode-laravel-assist-0.1.7\\assets\\cache\\LaXQXBQs(55): Illuminate\\Foundation\\Http\\Kernel->handle(Object(Illuminate\\Http\\Request))
#37 {main}
"} 
[2020-03-22 23:18:57] local.ERROR: Please make sure the PHP Redis extension is installed and enabled. {"exception":"[object] (LogicException(code: 0): Please make sure the PHP Redis extension is installed and enabled. at C:\\laragon\\www\\lara\\KeepLearning\\vendor\\laravel\\framework\\src\\Illuminate\\Redis\\Connectors\\PhpRedisConnector.php:76)
[stacktrace]
#0 C:\\laragon\\www\\lara\\KeepLearning\\vendor\\laravel\\framework\\src\\Illuminate\\Support\\helpers.php(422): Illuminate\\Redis\\Connectors\\PhpRedisConnector->Illuminate\\Redis\\Connectors\\{closure}(Object(Illuminate\\Support\\Facades\\Redis))
#1 C:\\laragon\\www\\lara\\KeepLearning\\vendor\\laravel\\framework\\src\\Illuminate\\Redis\\Connectors\\PhpRedisConnector.php(100): tap(Object(Illuminate\\Support\\Facades\\Redis), Object(Closure))
#2 C:\\laragon\\www\\lara\\KeepLearning\\vendor\\laravel\\framework\\src\\Illuminate\\Redis\\Connectors\\PhpRedisConnector.php(27): Illuminate\\Redis\\Connectors\\PhpRedisConnector->createClient(Array)
#3 C:\\laragon\\www\\lara\\KeepLearning\\vendor\\laravel\\framework\\src\\Illuminate\\Redis\\Connectors\\PhpRedisConnector.php(31): Illuminate\\Redis\\Connectors\\PhpRedisConnector->Illuminate\\Redis\\Connectors\\{closure}()
#4 C:\\laragon\\www\\lara\\KeepLearning\\vendor\\laravel\\framework\\src\\Illuminate\\Redis\\RedisManager.php(111): Illuminate\\Redis\\Connectors\\PhpRedisConnector->connect(Array, Array)
#5 C:\\laragon\\www\\lara\\KeepLearning\\vendor\\laravel\\framework\\src\\Illuminate\\Redis\\RedisManager.php(90): Illuminate\\Redis\\RedisManager->resolve('default')
#6 C:\\laragon\\www\\lara\\KeepLearning\\vendor\\laravel\\framework\\src\\Illuminate\\Cache\\RedisStore.php(242): Illuminate\\Redis\\RedisManager->connection('default')
#7 C:\\laragon\\www\\lara\\KeepLearning\\vendor\\laravel\\framework\\src\\Illuminate\\Cache\\RedisStore.php(54): Illuminate\\Cache\\RedisStore->connection()
#8 C:\\laragon\\www\\lara\\KeepLearning\\vendor\\laravel\\framework\\src\\Illuminate\\Cache\\Repository.php(97): Illuminate\\Cache\\RedisStore->get('txCp7LsgU1fRq10...')
#9 C:\\laragon\\www\\lara\\KeepLearning\\vendor\\laravel\\framework\\src\\Illuminate\\Session\\CacheBasedSessionHandler.php(58): Illuminate\\Cache\\Repository->get('txCp7LsgU1fRq10...', '')
#10 C:\\laragon\\www\\lara\\KeepLearning\\vendor\\laravel\\framework\\src\\Illuminate\\Session\\Store.php(97): Illuminate\\Session\\CacheBasedSessionHandler->read('txCp7LsgU1fRq10...')
#11 C:\\laragon\\www\\lara\\KeepLearning\\vendor\\laravel\\framework\\src\\Illuminate\\Session\\Store.php(87): Illuminate\\Session\\Store->readFromHandler()
#12 C:\\laragon\\www\\lara\\KeepLearning\\vendor\\laravel\\framework\\src\\Illuminate\\Session\\Store.php(71): Illuminate\\Session\\Store->loadSession()
#13 C:\\laragon\\www\\lara\\KeepLearning\\vendor\\laravel\\framework\\src\\Illuminate\\Session\\Middleware\\StartSession.php(81): Illuminate\\Session\\Store->start()
#14 C:\\laragon\\www\\lara\\KeepLearning\\vendor\\laravel\\framework\\src\\Illuminate\\Support\\helpers.php(422): Illuminate\\Session\\Middleware\\StartSession->Illuminate\\Session\\Middleware\\{closure}(Object(Illuminate\\Session\\Store))
#15 C:\\laragon\\www\\lara\\KeepLearning\\vendor\\laravel\\framework\\src\\Illuminate\\Session\\Middleware\\StartSession.php(82): tap(Object(Illuminate\\Session\\Store), Object(Closure))
#16 C:\\laragon\\www\\lara\\KeepLearning\\vendor\\laravel\\framework\\src\\Illuminate\\Session\\Middleware\\StartSession.php(51): Illuminate\\Session\\Middleware\\StartSession->startSession(Object(Illuminate\\Http\\Request))
#17 C:\\laragon\\www\\lara\\KeepLearning\\vendor\\laravel\\framework\\src\\Illuminate\\Pipeline\\Pipeline.php(171): Illuminate\\Session\\Middleware\\StartSession->handle(Object(Illuminate\\Http\\Request), Object(Closure))
#18 C:\\laragon\\www\\lara\\KeepLearning\\vendor\\laravel\\framework\\src\\Illuminate\\Cookie\\Middleware\\AddQueuedCookiesToResponse.php(37): Illuminate\\Pipeline\\Pipeline->Illuminate\\Pipeline\\{closure}(Object(Illuminate\\Http\\Request))
#19 C:\\laragon\\www\\lara\\KeepLearning\\vendor\\laravel\\framework\\src\\Illuminate\\Pipeline\\Pipeline.php(171): Illuminate\\Cookie\\Middleware\\AddQueuedCookiesToResponse->handle(Object(Illuminate\\Http\\Request), Object(Closure))
#20 C:\\laragon\\www\\lara\\KeepLearning\\vendor\\laravel\\framework\\src\\Illuminate\\Cookie\\Middleware\\EncryptCookies.php(66): Illuminate\\Pipeline\\Pipeline->Illuminate\\Pipeline\\{closure}(Object(Illuminate\\Http\\Request))
#21 C:\\laragon\\www\\lara\\KeepLearning\\vendor\\laravel\\framework\\src\\Illuminate\\Pipeline\\Pipeline.php(171): Illuminate\\Cookie\\Middleware\\EncryptCookies->handle(Object(Illuminate\\Http\\Request), Object(Closure))
#22 C:\\laragon\\www\\lara\\KeepLearning\\vendor\\laravel\\framework\\src\\Illuminate\\Pipeline\\Pipeline.php(105): Illuminate\\Pipeline\\Pipeline->Illuminate\\Pipeline\\{closure}(Object(Illuminate\\Http\\Request))
#23 C:\\laragon\\www\\lara\\KeepLearning\\vendor\\laravel\\framework\\src\\Illuminate\\Routing\\Router.php(683): Illuminate\\Pipeline\\Pipeline->then(Object(Closure))
#24 C:\\laragon\\www\\lara\\KeepLearning\\vendor\\laravel\\framework\\src\\Illuminate\\Routing\\Router.php(658): Illuminate\\Routing\\Router->runRouteWithinStack(Object(Illuminate\\Routing\\Route), Object(Illuminate\\Http\\Request))
#25 C:\\laragon\\www\\lara\\KeepLearning\\vendor\\laravel\\framework\\src\\Illuminate\\Routing\\Router.php(624): Illuminate\\Routing\\Router->runRoute(Object(Illuminate\\Http\\Request), Object(Illuminate\\Routing\\Route))
#26 C:\\laragon\\www\\lara\\KeepLearning\\vendor\\laravel\\framework\\src\\Illuminate\\Routing\\Router.php(613): Illuminate\\Routing\\Router->dispatchToRoute(Object(Illuminate\\Http\\Request))
#27 C:\\laragon\\www\\lara\\KeepLearning\\vendor\\laravel\\framework\\src\\Illuminate\\Foundation\\Http\\Kernel.php(170): Illuminate\\Routing\\Router->dispatch(Object(Illuminate\\Http\\Request))
#28 C:\\laragon\\www\\lara\\KeepLearning\\vendor\\laravel\\framework\\src\\Illuminate\\Pipeline\\Pipeline.php(130): Illuminate\\Foundation\\Http\\Kernel->Illuminate\\Foundation\\Http\\{closure}(Object(Illuminate\\Http\\Request))
#29 C:\\laragon\\www\\lara\\KeepLearning\\vendor\\barryvdh\\laravel-debugbar\\src\\Middleware\\InjectDebugbar.php(58): Illuminate\\Pipeline\\Pipeline->Illuminate\\Pipeline\\{closure}(Object(Illuminate\\Http\\Request))
#30 C:\\laragon\\www\\lara\\KeepLearning\\vendor\\laravel\\framework\\src\\Illuminate\\Pipeline\\Pipeline.php(171): Barryvdh\\Debugbar\\Middleware\\InjectDebugbar->handle(Object(Illuminate\\Http\\Request), Object(Closure))
#31 C:\\laragon\\www\\lara\\KeepLearning\\vendor\\laravel\\framework\\src\\Illuminate\\Foundation\\Http\\Middleware\\CheckForMaintenanceMode.php(63): Illuminate\\Pipeline\\Pipeline->Illuminate\\Pipeline\\{closure}(Object(Illuminate\\Http\\Request))
#32 C:\\laragon\\www\\lara\\KeepLearning\\vendor\\laravel\\framework\\src\\Illuminate\\Pipeline\\Pipeline.php(171): Illuminate\\Foundation\\Http\\Middleware\\CheckForMaintenanceMode->handle(Object(Illuminate\\Http\\Request), Object(Closure))
#33 C:\\laragon\\www\\lara\\KeepLearning\\vendor\\laravel\\framework\\src\\Illuminate\\Pipeline\\Pipeline.php(105): Illuminate\\Pipeline\\Pipeline->Illuminate\\Pipeline\\{closure}(Object(Illuminate\\Http\\Request))
#34 C:\\laragon\\www\\lara\\KeepLearning\\vendor\\laravel\\framework\\src\\Illuminate\\Foundation\\Http\\Kernel.php(145): Illuminate\\Pipeline\\Pipeline->then(Object(Closure))
#35 C:\\laragon\\www\\lara\\KeepLearning\\vendor\\laravel\\framework\\src\\Illuminate\\Foundation\\Http\\Kernel.php(110): Illuminate\\Foundation\\Http\\Kernel->sendRequestThroughRouter(Object(Illuminate\\Http\\Request))
#36 C:\\Users\\jgm\\.vscode\\extensions\\tiansin.vscode-laravel-assist-0.1.7\\assets\\cache\\LaXQXBQs(55): Illuminate\\Foundation\\Http\\Kernel->handle(Object(Illuminate\\Http\\Request))
#37 {main}
"} 
[2020-03-22 23:23:02] local.ERROR: Method App\Http\Controllers\CursoController::certification does not exist. {"exception":"[object] (BadMethodCallException(code: 0): Method App\\Http\\Controllers\\CursoController::certification does not exist. at C:\\laragon\\www\\lara\\KeepLearning\\vendor\\laravel\\framework\\src\\Illuminate\\Routing\\Controller.php:68)
[stacktrace]
#0 [internal function]: Illuminate\\Routing\\Controller->__call('certification', Array)
#1 C:\\laragon\\www\\lara\\KeepLearning\\vendor\\laravel\\framework\\src\\Illuminate\\Routing\\Controller.php(54): call_user_func_array(Array, Array)
#2 C:\\laragon\\www\\lara\\KeepLearning\\vendor\\laravel\\framework\\src\\Illuminate\\Routing\\ControllerDispatcher.php(45): Illuminate\\Routing\\Controller->callAction('certification', Array)
#3 C:\\laragon\\www\\lara\\KeepLearning\\vendor\\laravel\\framework\\src\\Illuminate\\Routing\\Route.php(219): Illuminate\\Routing\\ControllerDispatcher->dispatch(Object(Illuminate\\Routing\\Route), Object(App\\Http\\Controllers\\CursoController), 'certification')
#4 C:\\laragon\\www\\lara\\KeepLearning\\vendor\\laravel\\framework\\src\\Illuminate\\Routing\\Route.php(176): Illuminate\\Routing\\Route->runController()
#5 C:\\laragon\\www\\lara\\KeepLearning\\vendor\\laravel\\framework\\src\\Illuminate\\Routing\\Router.php(681): Illuminate\\Routing\\Route->run()
#6 C:\\laragon\\www\\lara\\KeepLearning\\vendor\\laravel\\framework\\src\\Illuminate\\Pipeline\\Pipeline.php(130): Illuminate\\Routing\\Router->Illuminate\\Routing\\{closure}(Object(Illuminate\\Http\\Request))
#7 C:\\laragon\\www\\lara\\KeepLearning\\vendor\\laravel\\framework\\src\\Illuminate\\Routing\\Middleware\\SubstituteBindings.php(41): Illuminate\\Pipeline\\Pipeline->Illuminate\\Pipeline\\{closure}(Object(Illuminate\\Http\\Request))
#8 C:\\laragon\\www\\lara\\KeepLearning\\vendor\\laravel\\framework\\src\\Illuminate\\Pipeline\\Pipeline.php(171): Illuminate\\Routing\\Middleware\\SubstituteBindings->handle(Object(Illuminate\\Http\\Request), Object(Closure))
#9 C:\\laragon\\www\\lara\\KeepLearning\\vendor\\laravel\\framework\\src\\Illuminate\\Foundation\\Http\\Middleware\\VerifyCsrfToken.php(76): Illuminate\\Pipeline\\Pipeline->Illuminate\\Pipeline\\{closure}(Object(Illuminate\\Http\\Request))
#10 C:\\laragon\\www\\lara\\KeepLearning\\vendor\\laravel\\framework\\src\\Illuminate\\Pipeline\\Pipeline.php(171): Illuminate\\Foundation\\Http\\Middleware\\VerifyCsrfToken->handle(Object(Illuminate\\Http\\Request), Object(Closure))
#11 C:\\laragon\\www\\lara\\KeepLearning\\vendor\\laravel\\framework\\src\\Illuminate\\View\\Middleware\\ShareErrorsFromSession.php(49): Illuminate\\Pipeline\\Pipeline->Illuminate\\Pipeline\\{closure}(Object(Illuminate\\Http\\Request))
#12 C:\\laragon\\www\\lara\\KeepLearning\\vendor\\laravel\\framework\\src\\Illuminate\\Pipeline\\Pipeline.php(171): Illuminate\\View\\Middleware\\ShareErrorsFromSession->handle(Object(Illuminate\\Http\\Request), Object(Closure))
#13 C:\\laragon\\www\\lara\\KeepLearning\\vendor\\laravel\\framework\\src\\Illuminate\\Session\\Middleware\\StartSession.php(56): Illuminate\\Pipeline\\Pipeline->Illuminate\\Pipeline\\{closure}(Object(Illuminate\\Http\\Request))
#14 C:\\laragon\\www\\lara\\KeepLearning\\vendor\\laravel\\framework\\src\\Illuminate\\Pipeline\\Pipeline.php(171): Illuminate\\Session\\Middleware\\StartSession->handle(Object(Illuminate\\Http\\Request), Object(Closure))
#15 C:\\laragon\\www\\lara\\KeepLearning\\vendor\\laravel\\framework\\src\\Illuminate\\Cookie\\Middleware\\AddQueuedCookiesToResponse.php(37): Illuminate\\Pipeline\\Pipeline->Illuminate\\Pipeline\\{closure}(Object(Illuminate\\Http\\Request))
#16 C:\\laragon\\www\\lara\\KeepLearning\\vendor\\laravel\\framework\\src\\Illuminate\\Pipeline\\Pipeline.php(171): Illuminate\\Cookie\\Middleware\\AddQueuedCookiesToResponse->handle(Object(Illuminate\\Http\\Request), Object(Closure))
#17 C:\\laragon\\www\\lara\\KeepLearning\\vendor\\laravel\\framework\\src\\Illuminate\\Cookie\\Middleware\\EncryptCookies.php(66): Illuminate\\Pipeline\\Pipeline->Illuminate\\Pipeline\\{closure}(Object(Illuminate\\Http\\Request))
#18 C:\\laragon\\www\\lara\\KeepLearning\\vendor\\laravel\\framework\\src\\Illuminate\\Pipeline\\Pipeline.php(171): Illuminate\\Cookie\\Middleware\\EncryptCookies->handle(Object(Illuminate\\Http\\Request), Object(Closure))
#19 C:\\laragon\\www\\lara\\KeepLearning\\vendor\\laravel\\framework\\src\\Illuminate\\Pipeline\\Pipeline.php(105): Illuminate\\Pipeline\\Pipeline->Illuminate\\Pipeline\\{closure}(Object(Illuminate\\Http\\Request))
#20 C:\\laragon\\www\\lara\\KeepLearning\\vendor\\laravel\\framework\\src\\Illuminate\\Routing\\Router.php(683): Illuminate\\Pipeline\\Pipeline->then(Object(Closure))
#21 C:\\laragon\\www\\lara\\KeepLearning\\vendor\\laravel\\framework\\src\\Illuminate\\Routing\\Router.php(658): Illuminate\\Routing\\Router->runRouteWithinStack(Object(Illuminate\\Routing\\Route), Object(Illuminate\\Http\\Request))
#22 C:\\laragon\\www\\lara\\KeepLearning\\vendor\\laravel\\framework\\src\\Illuminate\\Routing\\Router.php(624): Illuminate\\Routing\\Router->runRoute(Object(Illuminate\\Http\\Request), Object(Illuminate\\Routing\\Route))
#23 C:\\laragon\\www\\lara\\KeepLearning\\vendor\\laravel\\framework\\src\\Illuminate\\Routing\\Router.php(613): Illuminate\\Routing\\Router->dispatchToRoute(Object(Illuminate\\Http\\Request))
#24 C:\\laragon\\www\\lara\\KeepLearning\\vendor\\laravel\\framework\\src\\Illuminate\\Foundation\\Http\\Kernel.php(170): Illuminate\\Routing\\Router->dispatch(Object(Illuminate\\Http\\Request))
#25 C:\\laragon\\www\\lara\\KeepLearning\\vendor\\laravel\\framework\\src\\Illuminate\\Pipeline\\Pipeline.php(130): Illuminate\\Foundation\\Http\\Kernel->Illuminate\\Foundation\\Http\\{closure}(Object(Illuminate\\Http\\Request))
#26 C:\\laragon\\www\\lara\\KeepLearning\\vendor\\barryvdh\\laravel-debugbar\\src\\Middleware\\InjectDebugbar.php(65): Illuminate\\Pipeline\\Pipeline->Illuminate\\Pipeline\\{closure}(Object(Illuminate\\Http\\Request))
#27 C:\\laragon\\www\\lara\\KeepLearning\\vendor\\laravel\\framework\\src\\Illuminate\\Pipeline\\Pipeline.php(171): Barryvdh\\Debugbar\\Middleware\\InjectDebugbar->handle(Object(Illuminate\\Http\\Request), Object(Closure))
#28 C:\\laragon\\www\\lara\\KeepLearning\\vendor\\laravel\\framework\\src\\Illuminate\\Foundation\\Http\\Middleware\\CheckForMaintenanceMode.php(63): Illuminate\\Pipeline\\Pipeline->Illuminate\\Pipeline\\{closure}(Object(Illuminate\\Http\\Request))
#29 C:\\laragon\\www\\lara\\KeepLearning\\vendor\\laravel\\framework\\src\\Illuminate\\Pipeline\\Pipeline.php(171): Illuminate\\Foundation\\Http\\Middleware\\CheckForMaintenanceMode->handle(Object(Illuminate\\Http\\Request), Object(Closure))
#30 C:\\laragon\\www\\lara\\KeepLearning\\vendor\\laravel\\framework\\src\\Illuminate\\Pipeline\\Pipeline.php(105): Illuminate\\Pipeline\\Pipeline->Illuminate\\Pipeline\\{closure}(Object(Illuminate\\Http\\Request))
#31 C:\\laragon\\www\\lara\\KeepLearning\\vendor\\laravel\\framework\\src\\Illuminate\\Foundation\\Http\\Kernel.php(145): Illuminate\\Pipeline\\Pipeline->then(Object(Closure))
#32 C:\\laragon\\www\\lara\\KeepLearning\\vendor\\laravel\\framework\\src\\Illuminate\\Foundation\\Http\\Kernel.php(110): Illuminate\\Foundation\\Http\\Kernel->sendRequestThroughRouter(Object(Illuminate\\Http\\Request))
#33 C:\\laragon\\www\\lara\\KeepLearning\\public\\index.php(53): Illuminate\\Foundation\\Http\\Kernel->handle(Object(Illuminate\\Http\\Request))
#34 C:\\laragon\\www\\lara\\KeepLearning\\server.php(21): require_once('C:\\\\laragon\\\\www\\\\...')
#35 {main}
"} 
[2020-03-22 23:23:42] local.ERROR: Please make sure the PHP Redis extension is installed and enabled. {"exception":"[object] (LogicException(code: 0): Please make sure the PHP Redis extension is installed and enabled. at C:\\laragon\\www\\lara\\KeepLearning\\vendor\\laravel\\framework\\src\\Illuminate\\Redis\\Connectors\\PhpRedisConnector.php:76)
[stacktrace]
#0 C:\\laragon\\www\\lara\\KeepLearning\\vendor\\laravel\\framework\\src\\Illuminate\\Support\\helpers.php(422): Illuminate\\Redis\\Connectors\\PhpRedisConnector->Illuminate\\Redis\\Connectors\\{closure}(Object(Illuminate\\Support\\Facades\\Redis))
#1 C:\\laragon\\www\\lara\\KeepLearning\\vendor\\laravel\\framework\\src\\Illuminate\\Redis\\Connectors\\PhpRedisConnector.php(100): tap(Object(Illuminate\\Support\\Facades\\Redis), Object(Closure))
#2 C:\\laragon\\www\\lara\\KeepLearning\\vendor\\laravel\\framework\\src\\Illuminate\\Redis\\Connectors\\PhpRedisConnector.php(27): Illuminate\\Redis\\Connectors\\PhpRedisConnector->createClient(Array)
#3 C:\\laragon\\www\\lara\\KeepLearning\\vendor\\laravel\\framework\\src\\Illuminate\\Redis\\Connectors\\PhpRedisConnector.php(31): Illuminate\\Redis\\Connectors\\PhpRedisConnector->Illuminate\\Redis\\Connectors\\{closure}()
#4 C:\\laragon\\www\\lara\\KeepLearning\\vendor\\laravel\\framework\\src\\Illuminate\\Redis\\RedisManager.php(111): Illuminate\\Redis\\Connectors\\PhpRedisConnector->connect(Array, Array)
#5 C:\\laragon\\www\\lara\\KeepLearning\\vendor\\laravel\\framework\\src\\Illuminate\\Redis\\RedisManager.php(90): Illuminate\\Redis\\RedisManager->resolve('default')
#6 C:\\laragon\\www\\lara\\KeepLearning\\vendor\\laravel\\framework\\src\\Illuminate\\Cache\\RedisStore.php(242): Illuminate\\Redis\\RedisManager->connection('default')
#7 C:\\laragon\\www\\lara\\KeepLearning\\vendor\\laravel\\framework\\src\\Illuminate\\Cache\\RedisStore.php(54): Illuminate\\Cache\\RedisStore->connection()
#8 C:\\laragon\\www\\lara\\KeepLearning\\vendor\\laravel\\framework\\src\\Illuminate\\Cache\\Repository.php(97): Illuminate\\Cache\\RedisStore->get('itRkLUXUosZZirM...')
#9 C:\\laragon\\www\\lara\\KeepLearning\\vendor\\laravel\\framework\\src\\Illuminate\\Session\\CacheBasedSessionHandler.php(58): Illuminate\\Cache\\Repository->get('itRkLUXUosZZirM...', '')
#10 C:\\laragon\\www\\lara\\KeepLearning\\vendor\\laravel\\framework\\src\\Illuminate\\Session\\Store.php(97): Illuminate\\Session\\CacheBasedSessionHandler->read('itRkLUXUosZZirM...')
#11 C:\\laragon\\www\\lara\\KeepLearning\\vendor\\laravel\\framework\\src\\Illuminate\\Session\\Store.php(87): Illuminate\\Session\\Store->readFromHandler()
#12 C:\\laragon\\www\\lara\\KeepLearning\\vendor\\laravel\\framework\\src\\Illuminate\\Session\\Store.php(71): Illuminate\\Session\\Store->loadSession()
#13 C:\\laragon\\www\\lara\\KeepLearning\\vendor\\laravel\\framework\\src\\Illuminate\\Session\\Middleware\\StartSession.php(81): Illuminate\\Session\\Store->start()
#14 C:\\laragon\\www\\lara\\KeepLearning\\vendor\\laravel\\framework\\src\\Illuminate\\Support\\helpers.php(422): Illuminate\\Session\\Middleware\\StartSession->Illuminate\\Session\\Middleware\\{closure}(Object(Illuminate\\Session\\Store))
#15 C:\\laragon\\www\\lara\\KeepLearning\\vendor\\laravel\\framework\\src\\Illuminate\\Session\\Middleware\\StartSession.php(82): tap(Object(Illuminate\\Session\\Store), Object(Closure))
#16 C:\\laragon\\www\\lara\\KeepLearning\\vendor\\laravel\\framework\\src\\Illuminate\\Session\\Middleware\\StartSession.php(51): Illuminate\\Session\\Middleware\\StartSession->startSession(Object(Illuminate\\Http\\Request))
#17 C:\\laragon\\www\\lara\\KeepLearning\\vendor\\laravel\\framework\\src\\Illuminate\\Pipeline\\Pipeline.php(171): Illuminate\\Session\\Middleware\\StartSession->handle(Object(Illuminate\\Http\\Request), Object(Closure))
#18 C:\\laragon\\www\\lara\\KeepLearning\\vendor\\laravel\\framework\\src\\Illuminate\\Cookie\\Middleware\\AddQueuedCookiesToResponse.php(37): Illuminate\\Pipeline\\Pipeline->Illuminate\\Pipeline\\{closure}(Object(Illuminate\\Http\\Request))
#19 C:\\laragon\\www\\lara\\KeepLearning\\vendor\\laravel\\framework\\src\\Illuminate\\Pipeline\\Pipeline.php(171): Illuminate\\Cookie\\Middleware\\AddQueuedCookiesToResponse->handle(Object(Illuminate\\Http\\Request), Object(Closure))
#20 C:\\laragon\\www\\lara\\KeepLearning\\vendor\\laravel\\framework\\src\\Illuminate\\Cookie\\Middleware\\EncryptCookies.php(66): Illuminate\\Pipeline\\Pipeline->Illuminate\\Pipeline\\{closure}(Object(Illuminate\\Http\\Request))
#21 C:\\laragon\\www\\lara\\KeepLearning\\vendor\\laravel\\framework\\src\\Illuminate\\Pipeline\\Pipeline.php(171): Illuminate\\Cookie\\Middleware\\EncryptCookies->handle(Object(Illuminate\\Http\\Request), Object(Closure))
#22 C:\\laragon\\www\\lara\\KeepLearning\\vendor\\laravel\\framework\\src\\Illuminate\\Pipeline\\Pipeline.php(105): Illuminate\\Pipeline\\Pipeline->Illuminate\\Pipeline\\{closure}(Object(Illuminate\\Http\\Request))
#23 C:\\laragon\\www\\lara\\KeepLearning\\vendor\\laravel\\framework\\src\\Illuminate\\Routing\\Router.php(683): Illuminate\\Pipeline\\Pipeline->then(Object(Closure))
#24 C:\\laragon\\www\\lara\\KeepLearning\\vendor\\laravel\\framework\\src\\Illuminate\\Routing\\Router.php(658): Illuminate\\Routing\\Router->runRouteWithinStack(Object(Illuminate\\Routing\\Route), Object(Illuminate\\Http\\Request))
#25 C:\\laragon\\www\\lara\\KeepLearning\\vendor\\laravel\\framework\\src\\Illuminate\\Routing\\Router.php(624): Illuminate\\Routing\\Router->runRoute(Object(Illuminate\\Http\\Request), Object(Illuminate\\Routing\\Route))
#26 C:\\laragon\\www\\lara\\KeepLearning\\vendor\\laravel\\framework\\src\\Illuminate\\Routing\\Router.php(613): Illuminate\\Routing\\Router->dispatchToRoute(Object(Illuminate\\Http\\Request))
#27 C:\\laragon\\www\\lara\\KeepLearning\\vendor\\laravel\\framework\\src\\Illuminate\\Foundation\\Http\\Kernel.php(170): Illuminate\\Routing\\Router->dispatch(Object(Illuminate\\Http\\Request))
#28 C:\\laragon\\www\\lara\\KeepLearning\\vendor\\laravel\\framework\\src\\Illuminate\\Pipeline\\Pipeline.php(130): Illuminate\\Foundation\\Http\\Kernel->Illuminate\\Foundation\\Http\\{closure}(Object(Illuminate\\Http\\Request))
#29 C:\\laragon\\www\\lara\\KeepLearning\\vendor\\barryvdh\\laravel-debugbar\\src\\Middleware\\InjectDebugbar.php(58): Illuminate\\Pipeline\\Pipeline->Illuminate\\Pipeline\\{closure}(Object(Illuminate\\Http\\Request))
#30 C:\\laragon\\www\\lara\\KeepLearning\\vendor\\laravel\\framework\\src\\Illuminate\\Pipeline\\Pipeline.php(171): Barryvdh\\Debugbar\\Middleware\\InjectDebugbar->handle(Object(Illuminate\\Http\\Request), Object(Closure))
#31 C:\\laragon\\www\\lara\\KeepLearning\\vendor\\laravel\\framework\\src\\Illuminate\\Foundation\\Http\\Middleware\\CheckForMaintenanceMode.php(63): Illuminate\\Pipeline\\Pipeline->Illuminate\\Pipeline\\{closure}(Object(Illuminate\\Http\\Request))
#32 C:\\laragon\\www\\lara\\KeepLearning\\vendor\\laravel\\framework\\src\\Illuminate\\Pipeline\\Pipeline.php(171): Illuminate\\Foundation\\Http\\Middleware\\CheckForMaintenanceMode->handle(Object(Illuminate\\Http\\Request), Object(Closure))
#33 C:\\laragon\\www\\lara\\KeepLearning\\vendor\\laravel\\framework\\src\\Illuminate\\Pipeline\\Pipeline.php(105): Illuminate\\Pipeline\\Pipeline->Illuminate\\Pipeline\\{closure}(Object(Illuminate\\Http\\Request))
#34 C:\\laragon\\www\\lara\\KeepLearning\\vendor\\laravel\\framework\\src\\Illuminate\\Foundation\\Http\\Kernel.php(145): Illuminate\\Pipeline\\Pipeline->then(Object(Closure))
#35 C:\\laragon\\www\\lara\\KeepLearning\\vendor\\laravel\\framework\\src\\Illuminate\\Foundation\\Http\\Kernel.php(110): Illuminate\\Foundation\\Http\\Kernel->sendRequestThroughRouter(Object(Illuminate\\Http\\Request))
#36 C:\\Users\\jgm\\.vscode\\extensions\\tiansin.vscode-laravel-assist-0.1.7\\assets\\cache\\LaXQXBQs(55): Illuminate\\Foundation\\Http\\Kernel->handle(Object(Illuminate\\Http\\Request))
#37 {main}
"} 
[2020-03-22 23:23:45] local.ERROR: View [hello.hello] not found. {"exception":"[object] (InvalidArgumentException(code: 0): View [hello.hello] not found. at C:\\laragon\\www\\lara\\KeepLearning\\vendor\\laravel\\framework\\src\\Illuminate\\View\\FileViewFinder.php:137)
[stacktrace]
#0 C:\\laragon\\www\\lara\\KeepLearning\\vendor\\laravel\\framework\\src\\Illuminate\\View\\FileViewFinder.php(79): Illuminate\\View\\FileViewFinder->findInPaths('hello.hello', Array)
#1 C:\\laragon\\www\\lara\\KeepLearning\\vendor\\laravel\\framework\\src\\Illuminate\\View\\Factory.php(131): Illuminate\\View\\FileViewFinder->find('hello.hello')
#2 C:\\laragon\\www\\lara\\KeepLearning\\vendor\\laravel\\framework\\src\\Illuminate\\Foundation\\helpers.php(975): Illuminate\\View\\Factory->make('hello.hello', Array, Array)
#3 C:\\laragon\\www\\lara\\KeepLearning\\app\\Http\\Controllers\\CursoController.php(250): view('hello/hello')
#4 [internal function]: App\\Http\\Controllers\\CursoController->certification(Object(Illuminate\\Http\\Request))
#5 C:\\laragon\\www\\lara\\KeepLearning\\vendor\\laravel\\framework\\src\\Illuminate\\Routing\\Controller.php(54): call_user_func_array(Array, Array)
#6 C:\\laragon\\www\\lara\\KeepLearning\\vendor\\laravel\\framework\\src\\Illuminate\\Routing\\ControllerDispatcher.php(45): Illuminate\\Routing\\Controller->callAction('certification', Array)
#7 C:\\laragon\\www\\lara\\KeepLearning\\vendor\\laravel\\framework\\src\\Illuminate\\Routing\\Route.php(219): Illuminate\\Routing\\ControllerDispatcher->dispatch(Object(Illuminate\\Routing\\Route), Object(App\\Http\\Controllers\\CursoController), 'certification')
#8 C:\\laragon\\www\\lara\\KeepLearning\\vendor\\laravel\\framework\\src\\Illuminate\\Routing\\Route.php(176): Illuminate\\Routing\\Route->runController()
#9 C:\\laragon\\www\\lara\\KeepLearning\\vendor\\laravel\\framework\\src\\Illuminate\\Routing\\Router.php(681): Illuminate\\Routing\\Route->run()
#10 C:\\laragon\\www\\lara\\KeepLearning\\vendor\\laravel\\framework\\src\\Illuminate\\Pipeline\\Pipeline.php(130): Illuminate\\Routing\\Router->Illuminate\\Routing\\{closure}(Object(Illuminate\\Http\\Request))
#11 C:\\laragon\\www\\lara\\KeepLearning\\vendor\\laravel\\framework\\src\\Illuminate\\Routing\\Middleware\\SubstituteBindings.php(41): Illuminate\\Pipeline\\Pipeline->Illuminate\\Pipeline\\{closure}(Object(Illuminate\\Http\\Request))
#12 C:\\laragon\\www\\lara\\KeepLearning\\vendor\\laravel\\framework\\src\\Illuminate\\Pipeline\\Pipeline.php(171): Illuminate\\Routing\\Middleware\\SubstituteBindings->handle(Object(Illuminate\\Http\\Request), Object(Closure))
#13 C:\\laragon\\www\\lara\\KeepLearning\\vendor\\laravel\\framework\\src\\Illuminate\\Foundation\\Http\\Middleware\\VerifyCsrfToken.php(76): Illuminate\\Pipeline\\Pipeline->Illuminate\\Pipeline\\{closure}(Object(Illuminate\\Http\\Request))
#14 C:\\laragon\\www\\lara\\KeepLearning\\vendor\\laravel\\framework\\src\\Illuminate\\Pipeline\\Pipeline.php(171): Illuminate\\Foundation\\Http\\Middleware\\VerifyCsrfToken->handle(Object(Illuminate\\Http\\Request), Object(Closure))
#15 C:\\laragon\\www\\lara\\KeepLearning\\vendor\\laravel\\framework\\src\\Illuminate\\View\\Middleware\\ShareErrorsFromSession.php(49): Illuminate\\Pipeline\\Pipeline->Illuminate\\Pipeline\\{closure}(Object(Illuminate\\Http\\Request))
#16 C:\\laragon\\www\\lara\\KeepLearning\\vendor\\laravel\\framework\\src\\Illuminate\\Pipeline\\Pipeline.php(171): Illuminate\\View\\Middleware\\ShareErrorsFromSession->handle(Object(Illuminate\\Http\\Request), Object(Closure))
#17 C:\\laragon\\www\\lara\\KeepLearning\\vendor\\laravel\\framework\\src\\Illuminate\\Session\\Middleware\\StartSession.php(56): Illuminate\\Pipeline\\Pipeline->Illuminate\\Pipeline\\{closure}(Object(Illuminate\\Http\\Request))
#18 C:\\laragon\\www\\lara\\KeepLearning\\vendor\\laravel\\framework\\src\\Illuminate\\Pipeline\\Pipeline.php(171): Illuminate\\Session\\Middleware\\StartSession->handle(Object(Illuminate\\Http\\Request), Object(Closure))
#19 C:\\laragon\\www\\lara\\KeepLearning\\vendor\\laravel\\framework\\src\\Illuminate\\Cookie\\Middleware\\AddQueuedCookiesToResponse.php(37): Illuminate\\Pipeline\\Pipeline->Illuminate\\Pipeline\\{closure}(Object(Illuminate\\Http\\Request))
#20 C:\\laragon\\www\\lara\\KeepLearning\\vendor\\laravel\\framework\\src\\Illuminate\\Pipeline\\Pipeline.php(171): Illuminate\\Cookie\\Middleware\\AddQueuedCookiesToResponse->handle(Object(Illuminate\\Http\\Request), Object(Closure))
#21 C:\\laragon\\www\\lara\\KeepLearning\\vendor\\laravel\\framework\\src\\Illuminate\\Cookie\\Middleware\\EncryptCookies.php(66): Illuminate\\Pipeline\\Pipeline->Illuminate\\Pipeline\\{closure}(Object(Illuminate\\Http\\Request))
#22 C:\\laragon\\www\\lara\\KeepLearning\\vendor\\laravel\\framework\\src\\Illuminate\\Pipeline\\Pipeline.php(171): Illuminate\\Cookie\\Middleware\\EncryptCookies->handle(Object(Illuminate\\Http\\Request), Object(Closure))
#23 C:\\laragon\\www\\lara\\KeepLearning\\vendor\\laravel\\framework\\src\\Illuminate\\Pipeline\\Pipeline.php(105): Illuminate\\Pipeline\\Pipeline->Illuminate\\Pipeline\\{closure}(Object(Illuminate\\Http\\Request))
#24 C:\\laragon\\www\\lara\\KeepLearning\\vendor\\laravel\\framework\\src\\Illuminate\\Routing\\Router.php(683): Illuminate\\Pipeline\\Pipeline->then(Object(Closure))
#25 C:\\laragon\\www\\lara\\KeepLearning\\vendor\\laravel\\framework\\src\\Illuminate\\Routing\\Router.php(658): Illuminate\\Routing\\Router->runRouteWithinStack(Object(Illuminate\\Routing\\Route), Object(Illuminate\\Http\\Request))
#26 C:\\laragon\\www\\lara\\KeepLearning\\vendor\\laravel\\framework\\src\\Illuminate\\Routing\\Router.php(624): Illuminate\\Routing\\Router->runRoute(Object(Illuminate\\Http\\Request), Object(Illuminate\\Routing\\Route))
#27 C:\\laragon\\www\\lara\\KeepLearning\\vendor\\laravel\\framework\\src\\Illuminate\\Routing\\Router.php(613): Illuminate\\Routing\\Router->dispatchToRoute(Object(Illuminate\\Http\\Request))
#28 C:\\laragon\\www\\lara\\KeepLearning\\vendor\\laravel\\framework\\src\\Illuminate\\Foundation\\Http\\Kernel.php(170): Illuminate\\Routing\\Router->dispatch(Object(Illuminate\\Http\\Request))
#29 C:\\laragon\\www\\lara\\KeepLearning\\vendor\\laravel\\framework\\src\\Illuminate\\Pipeline\\Pipeline.php(130): Illuminate\\Foundation\\Http\\Kernel->Illuminate\\Foundation\\Http\\{closure}(Object(Illuminate\\Http\\Request))
#30 C:\\laragon\\www\\lara\\KeepLearning\\vendor\\barryvdh\\laravel-debugbar\\src\\Middleware\\InjectDebugbar.php(65): Illuminate\\Pipeline\\Pipeline->Illuminate\\Pipeline\\{closure}(Object(Illuminate\\Http\\Request))
#31 C:\\laragon\\www\\lara\\KeepLearning\\vendor\\laravel\\framework\\src\\Illuminate\\Pipeline\\Pipeline.php(171): Barryvdh\\Debugbar\\Middleware\\InjectDebugbar->handle(Object(Illuminate\\Http\\Request), Object(Closure))
#32 C:\\laragon\\www\\lara\\KeepLearning\\vendor\\laravel\\framework\\src\\Illuminate\\Foundation\\Http\\Middleware\\CheckForMaintenanceMode.php(63): Illuminate\\Pipeline\\Pipeline->Illuminate\\Pipeline\\{closure}(Object(Illuminate\\Http\\Request))
#33 C:\\laragon\\www\\lara\\KeepLearning\\vendor\\laravel\\framework\\src\\Illuminate\\Pipeline\\Pipeline.php(171): Illuminate\\Foundation\\Http\\Middleware\\CheckForMaintenanceMode->handle(Object(Illuminate\\Http\\Request), Object(Closure))
#34 C:\\laragon\\www\\lara\\KeepLearning\\vendor\\laravel\\framework\\src\\Illuminate\\Pipeline\\Pipeline.php(105): Illuminate\\Pipeline\\Pipeline->Illuminate\\Pipeline\\{closure}(Object(Illuminate\\Http\\Request))
#35 C:\\laragon\\www\\lara\\KeepLearning\\vendor\\laravel\\framework\\src\\Illuminate\\Foundation\\Http\\Kernel.php(145): Illuminate\\Pipeline\\Pipeline->then(Object(Closure))
#36 C:\\laragon\\www\\lara\\KeepLearning\\vendor\\laravel\\framework\\src\\Illuminate\\Foundation\\Http\\Kernel.php(110): Illuminate\\Foundation\\Http\\Kernel->sendRequestThroughRouter(Object(Illuminate\\Http\\Request))
#37 C:\\laragon\\www\\lara\\KeepLearning\\public\\index.php(53): Illuminate\\Foundation\\Http\\Kernel->handle(Object(Illuminate\\Http\\Request))
#38 C:\\laragon\\www\\lara\\KeepLearning\\server.php(21): require_once('C:\\\\laragon\\\\www\\\\...')
#39 {main}
"} 
